INFO - 2023-09-27 13:34:36 --> Session: Class initialized using 'CodeIgniter\Session\Handlers\FileHandler' driver.
ERROR - 2023-09-27 13:34:40 --> Error connecting to the database: mysqli_sql_exception: No connection could be made because the target machine actively refused it in D:\project\kreasiai\vendor\codeigniter4\framework\system\Database\MySQLi\Connection.php:174
Stack trace:
#0 D:\project\kreasiai\vendor\codeigniter4\framework\system\Database\MySQLi\Connection.php(174): mysqli->real_connect('localhost', 'root', '', 'kreasiai', 3306, '', 0)
#1 D:\project\kreasiai\vendor\codeigniter4\framework\system\Database\BaseConnection.php(391): CodeIgniter\Database\MySQLi\Connection->connect(false)
#2 D:\project\kreasiai\vendor\codeigniter4\framework\system\Database\BaseConnection.php(574): CodeIgniter\Database\BaseConnection->initialize()
#3 D:\project\kreasiai\vendor\codeigniter4\framework\system\Database\BaseBuilder.php(1616): CodeIgniter\Database\BaseConnection->query('SELECT *\nFROM `...', Array, false)
#4 D:\project\kreasiai\app\Models\ModelProfil.php(13): CodeIgniter\Database\BaseBuilder->get()
#5 D:\project\kreasiai\app\Controllers\Home.php(22): App\Models\ModelProfil->DetailData()
#6 D:\project\kreasiai\vendor\codeigniter4\framework\system\CodeIgniter.php(932): App\Controllers\Home->index()
#7 D:\project\kreasiai\vendor\codeigniter4\framework\system\CodeIgniter.php(497): CodeIgniter\CodeIgniter->runController(Object(App\Controllers\Home))
#8 D:\project\kreasiai\vendor\codeigniter4\framework\system\CodeIgniter.php(366): CodeIgniter\CodeIgniter->handleRequest(NULL, Object(Config\Cache), false)
#9 D:\project\kreasiai\public\index.php(67): CodeIgniter\CodeIgniter->run()
#10 D:\project\kreasiai\vendor\codeigniter4\framework\system\Commands\Server\rewrite.php(47): require_once('D:\\project\\krea...')
#11 {main}

Next CodeIgniter\Database\Exceptions\DatabaseException: No connection could be made because the target machine actively refused it in D:\project\kreasiai\vendor\codeigniter4\framework\system\Database\MySQLi\Connection.php:218
Stack trace:
#0 D:\project\kreasiai\vendor\codeigniter4\framework\system\Database\BaseConnection.php(391): CodeIgniter\Database\MySQLi\Connection->connect(false)
#1 D:\project\kreasiai\vendor\codeigniter4\framework\system\Database\BaseConnection.php(574): CodeIgniter\Database\BaseConnection->initialize()
#2 D:\project\kreasiai\vendor\codeigniter4\framework\system\Database\BaseBuilder.php(1616): CodeIgniter\Database\BaseConnection->query('SELECT *\nFROM `...', Array, false)
#3 D:\project\kreasiai\app\Models\ModelProfil.php(13): CodeIgniter\Database\BaseBuilder->get()
#4 D:\project\kreasiai\app\Controllers\Home.php(22): App\Models\ModelProfil->DetailData()
#5 D:\project\kreasiai\vendor\codeigniter4\framework\system\CodeIgniter.php(932): App\Controllers\Home->index()
#6 D:\project\kreasiai\vendor\codeigniter4\framework\system\CodeIgniter.php(497): CodeIgniter\CodeIgniter->runController(Object(App\Controllers\Home))
#7 D:\project\kreasiai\vendor\codeigniter4\framework\system\CodeIgniter.php(366): CodeIgniter\CodeIgniter->handleRequest(NULL, Object(Config\Cache), false)
#8 D:\project\kreasiai\public\index.php(67): CodeIgniter\CodeIgniter->run()
#9 D:\project\kreasiai\vendor\codeigniter4\framework\system\Commands\Server\rewrite.php(47): require_once('D:\\project\\krea...')
#10 {main}
CRITICAL - 2023-09-27 13:34:40 --> Unable to connect to the database.
Main connection [MySQLi]: No connection could be made because the target machine actively refused it
in SYSTEMPATH\Database\BaseConnection.php on line 427.
 1 SYSTEMPATH\Database\BaseConnection.php(574): CodeIgniter\Database\BaseConnection->initialize()
 2 SYSTEMPATH\Database\BaseBuilder.php(1616): CodeIgniter\Database\BaseConnection->query('SELECT *
FROM `admin`
WHERE `admin_id` = :admin_id:', [...], false)
 3 APPPATH\Models\ModelProfil.php(13): CodeIgniter\Database\BaseBuilder->get()
 4 APPPATH\Controllers\Home.php(22): App\Models\ModelProfil->DetailData()
 5 SYSTEMPATH\CodeIgniter.php(932): App\Controllers\Home->index()
 6 SYSTEMPATH\CodeIgniter.php(497): CodeIgniter\CodeIgniter->runController(Object(App\Controllers\Home))
 7 SYSTEMPATH\CodeIgniter.php(366): CodeIgniter\CodeIgniter->handleRequest(null, Object(Config\Cache), false)
 8 FCPATH\index.php(67): CodeIgniter\CodeIgniter->run()
 9 SYSTEMPATH\Commands\Server\rewrite.php(47): require_once('D:\\project\\kreasiai\\public\\index.php')
INFO - 2023-09-27 13:35:06 --> Session: Class initialized using 'CodeIgniter\Session\Handlers\FileHandler' driver.
INFO - 2023-09-27 13:35:45 --> Session: Class initialized using 'CodeIgniter\Session\Handlers\FileHandler' driver.
INFO - 2023-09-27 13:40:32 --> Session: Class initialized using 'CodeIgniter\Session\Handlers\FileHandler' driver.
INFO - 2023-09-27 13:40:57 --> Session: Class initialized using 'CodeIgniter\Session\Handlers\FileHandler' driver.
INFO - 2023-09-27 13:40:58 --> Session: Class initialized using 'CodeIgniter\Session\Handlers\FileHandler' driver.
INFO - 2023-09-27 13:41:05 --> Session: Class initialized using 'CodeIgniter\Session\Handlers\FileHandler' driver.
INFO - 2023-09-27 13:41:06 --> Session: Class initialized using 'CodeIgniter\Session\Handlers\FileHandler' driver.
INFO - 2023-09-27 13:41:06 --> Session: Class initialized using 'CodeIgniter\Session\Handlers\FileHandler' driver.
INFO - 2023-09-27 13:41:06 --> Session: Class initialized using 'CodeIgniter\Session\Handlers\FileHandler' driver.
INFO - 2023-09-27 13:41:14 --> Session: Class initialized using 'CodeIgniter\Session\Handlers\FileHandler' driver.
INFO - 2023-09-27 13:41:14 --> Session: Class initialized using 'CodeIgniter\Session\Handlers\FileHandler' driver.
CRITICAL - 2023-09-27 13:41:14 --> Too few arguments to function App\Models\ModelLayanan::getPaket(), 0 passed in D:\project\kreasiai\app\Controllers\Admin.php on line 30 and exactly 1 expected
in APPPATH\Models\ModelLayanan.php on line 48.
 1 APPPATH\Controllers\Admin.php(30): App\Models\ModelLayanan->getPaket()
 2 SYSTEMPATH\CodeIgniter.php(932): App\Controllers\Admin->index()
 3 SYSTEMPATH\CodeIgniter.php(497): CodeIgniter\CodeIgniter->runController(Object(App\Controllers\Admin))
 4 SYSTEMPATH\CodeIgniter.php(366): CodeIgniter\CodeIgniter->handleRequest(null, Object(Config\Cache), false)
 5 FCPATH\index.php(67): CodeIgniter\CodeIgniter->run()
 6 SYSTEMPATH\Commands\Server\rewrite.php(47): require_once('D:\\project\\kreasiai\\public\\index.php')
INFO - 2023-09-27 13:43:03 --> Session: Class initialized using 'CodeIgniter\Session\Handlers\FileHandler' driver.
CRITICAL - 2023-09-27 13:43:03 --> Too few arguments to function App\Models\ModelLayanan::getPaket(), 0 passed in D:\project\kreasiai\app\Controllers\Admin.php on line 30 and exactly 1 expected
in APPPATH\Models\ModelLayanan.php on line 48.
 1 APPPATH\Controllers\Admin.php(30): App\Models\ModelLayanan->getPaket()
 2 SYSTEMPATH\CodeIgniter.php(932): App\Controllers\Admin->index()
 3 SYSTEMPATH\CodeIgniter.php(497): CodeIgniter\CodeIgniter->runController(Object(App\Controllers\Admin))
 4 SYSTEMPATH\CodeIgniter.php(366): CodeIgniter\CodeIgniter->handleRequest(null, Object(Config\Cache), false)
 5 FCPATH\index.php(67): CodeIgniter\CodeIgniter->run()
 6 SYSTEMPATH\Commands\Server\rewrite.php(47): require_once('D:\\project\\kreasiai\\public\\index.php')
INFO - 2023-09-27 13:46:14 --> Session: Class initialized using 'CodeIgniter\Session\Handlers\FileHandler' driver.
INFO - 2023-09-27 13:46:51 --> Session: Class initialized using 'CodeIgniter\Session\Handlers\FileHandler' driver.
INFO - 2023-09-27 13:48:27 --> Session: Class initialized using 'CodeIgniter\Session\Handlers\FileHandler' driver.
INFO - 2023-09-27 13:48:33 --> Session: Class initialized using 'CodeIgniter\Session\Handlers\FileHandler' driver.
INFO - 2023-09-27 13:56:51 --> Session: Class initialized using 'CodeIgniter\Session\Handlers\FileHandler' driver.
INFO - 2023-09-27 13:57:14 --> Session: Class initialized using 'CodeIgniter\Session\Handlers\FileHandler' driver.
INFO - 2023-09-27 13:59:23 --> Session: Class initialized using 'CodeIgniter\Session\Handlers\FileHandler' driver.
INFO - 2023-09-27 13:59:26 --> Session: Class initialized using 'CodeIgniter\Session\Handlers\FileHandler' driver.
CRITICAL - 2023-09-27 13:59:26 --> Undefined variable $getlayanan
in APPPATH\Views\admin\v_editLayanan.php on line 7.
 1 APPPATH\Views\admin\v_editLayanan.php(7): CodeIgniter\Debug\Exceptions->errorHandler(2, 'Undefined variable $getlayanan', 'D:\\project\\kreasiai\\app\\Views\\admin\\v_editLayanan.php', 7)
 2 SYSTEMPATH\View\View.php(224): include('D:\\project\\kreasiai\\app\\Views\\admin\\v_editLayanan.php')
 3 SYSTEMPATH\View\View.php(227): CodeIgniter\View\View->CodeIgniter\View\{closure}()
 4 SYSTEMPATH\Common.php(1180): CodeIgniter\View\View->render('admin/v_editLayanan', [], true)
 5 APPPATH\Views\admin\v_templateAdmin.php(176): view('admin/v_editLayanan')
 6 SYSTEMPATH\View\View.php(224): include('D:\\project\\kreasiai\\app\\Views\\admin\\v_templateAdmin.php')
 7 SYSTEMPATH\View\View.php(227): CodeIgniter\View\View->CodeIgniter\View\{closure}()
 8 SYSTEMPATH\Common.php(1180): CodeIgniter\View\View->render('admin/v_templateAdmin', [], true)
 9 APPPATH\Controllers\Admin.php(241): view('admin/v_templateAdmin', [...])
10 SYSTEMPATH\CodeIgniter.php(932): App\Controllers\Admin->Perusahaan()
11 SYSTEMPATH\CodeIgniter.php(497): CodeIgniter\CodeIgniter->runController(Object(App\Controllers\Admin))
12 SYSTEMPATH\CodeIgniter.php(366): CodeIgniter\CodeIgniter->handleRequest(null, Object(Config\Cache), false)
13 FCPATH\index.php(67): CodeIgniter\CodeIgniter->run()
14 SYSTEMPATH\Commands\Server\rewrite.php(47): require_once('D:\\project\\kreasiai\\public\\index.php')
INFO - 2023-09-27 14:01:35 --> Session: Class initialized using 'CodeIgniter\Session\Handlers\FileHandler' driver.
INFO - 2023-09-27 14:04:08 --> Session: Class initialized using 'CodeIgniter\Session\Handlers\FileHandler' driver.
INFO - 2023-09-27 14:04:47 --> Session: Class initialized using 'CodeIgniter\Session\Handlers\FileHandler' driver.
INFO - 2023-09-27 14:08:14 --> Session: Class initialized using 'CodeIgniter\Session\Handlers\FileHandler' driver.
CRITICAL - 2023-09-27 14:08:14 --> Undefined variable $getlayanan
in APPPATH\Views\admin\v_editLayanan.php on line 7.
 1 APPPATH\Views\admin\v_editLayanan.php(7): CodeIgniter\Debug\Exceptions->errorHandler(2, 'Undefined variable $getlayanan', 'D:\\project\\kreasiai\\app\\Views\\admin\\v_editLayanan.php', 7)
 2 SYSTEMPATH\View\View.php(224): include('D:\\project\\kreasiai\\app\\Views\\admin\\v_editLayanan.php')
 3 SYSTEMPATH\View\View.php(227): CodeIgniter\View\View->CodeIgniter\View\{closure}()
 4 SYSTEMPATH\Common.php(1180): CodeIgniter\View\View->render('admin/v_editLayanan', [], true)
 5 APPPATH\Views\admin\v_templateAdmin.php(176): view('admin/v_editLayanan')
 6 SYSTEMPATH\View\View.php(224): include('D:\\project\\kreasiai\\app\\Views\\admin\\v_templateAdmin.php')
 7 SYSTEMPATH\View\View.php(227): CodeIgniter\View\View->CodeIgniter\View\{closure}()
 8 SYSTEMPATH\Common.php(1180): CodeIgniter\View\View->render('admin/v_templateAdmin', [], true)
 9 APPPATH\Controllers\Admin.php(241): view('admin/v_templateAdmin', [...])
10 SYSTEMPATH\CodeIgniter.php(932): App\Controllers\Admin->Perusahaan()
11 SYSTEMPATH\CodeIgniter.php(497): CodeIgniter\CodeIgniter->runController(Object(App\Controllers\Admin))
12 SYSTEMPATH\CodeIgniter.php(366): CodeIgniter\CodeIgniter->handleRequest(null, Object(Config\Cache), false)
13 FCPATH\index.php(67): CodeIgniter\CodeIgniter->run()
14 SYSTEMPATH\Commands\Server\rewrite.php(47): require_once('D:\\project\\kreasiai\\public\\index.php')
INFO - 2023-09-27 14:08:59 --> Session: Class initialized using 'CodeIgniter\Session\Handlers\FileHandler' driver.
INFO - 2023-09-27 14:09:02 --> Session: Class initialized using 'CodeIgniter\Session\Handlers\FileHandler' driver.
CRITICAL - 2023-09-27 14:09:02 --> Undefined variable $getlayanan
in APPPATH\Views\admin\v_editLayanan.php on line 7.
 1 APPPATH\Views\admin\v_editLayanan.php(7): CodeIgniter\Debug\Exceptions->errorHandler(2, 'Undefined variable $getlayanan', 'D:\\project\\kreasiai\\app\\Views\\admin\\v_editLayanan.php', 7)
 2 SYSTEMPATH\View\View.php(224): include('D:\\project\\kreasiai\\app\\Views\\admin\\v_editLayanan.php')
 3 SYSTEMPATH\View\View.php(227): CodeIgniter\View\View->CodeIgniter\View\{closure}()
 4 SYSTEMPATH\Common.php(1180): CodeIgniter\View\View->render('admin/v_editLayanan', [], true)
 5 APPPATH\Views\admin\v_templateAdmin.php(176): view('admin/v_editLayanan')
 6 SYSTEMPATH\View\View.php(224): include('D:\\project\\kreasiai\\app\\Views\\admin\\v_templateAdmin.php')
 7 SYSTEMPATH\View\View.php(227): CodeIgniter\View\View->CodeIgniter\View\{closure}()
 8 SYSTEMPATH\Common.php(1180): CodeIgniter\View\View->render('admin/v_templateAdmin', [], true)
 9 APPPATH\Controllers\Admin.php(241): view('admin/v_templateAdmin', [...])
10 SYSTEMPATH\CodeIgniter.php(932): App\Controllers\Admin->Perusahaan()
11 SYSTEMPATH\CodeIgniter.php(497): CodeIgniter\CodeIgniter->runController(Object(App\Controllers\Admin))
12 SYSTEMPATH\CodeIgniter.php(366): CodeIgniter\CodeIgniter->handleRequest(null, Object(Config\Cache), false)
13 FCPATH\index.php(67): CodeIgniter\CodeIgniter->run()
14 SYSTEMPATH\Commands\Server\rewrite.php(47): require_once('D:\\project\\kreasiai\\public\\index.php')
INFO - 2023-09-27 14:09:43 --> Session: Class initialized using 'CodeIgniter\Session\Handlers\FileHandler' driver.
CRITICAL - 2023-09-27 14:09:43 --> Call to undefined function form_open_multipart()
in APPPATH\Views\admin\v_perusahaan.php on line 11.
 1 SYSTEMPATH\View\View.php(224): include()
 2 SYSTEMPATH\View\View.php(227): CodeIgniter\View\View->CodeIgniter\View\{closure}()
 3 SYSTEMPATH\Common.php(1180): CodeIgniter\View\View->render('admin/v_perusahaan', [], true)
 4 APPPATH\Views\admin\v_templateAdmin.php(176): view('admin/v_perusahaan')
 5 SYSTEMPATH\View\View.php(224): include('D:\\project\\kreasiai\\app\\Views\\admin\\v_templateAdmin.php')
 6 SYSTEMPATH\View\View.php(227): CodeIgniter\View\View->CodeIgniter\View\{closure}()
 7 SYSTEMPATH\Common.php(1180): CodeIgniter\View\View->render('admin/v_templateAdmin', [], true)
 8 APPPATH\Controllers\Admin.php(241): view('admin/v_templateAdmin', [...])
 9 SYSTEMPATH\CodeIgniter.php(932): App\Controllers\Admin->Perusahaan()
10 SYSTEMPATH\CodeIgniter.php(497): CodeIgniter\CodeIgniter->runController(Object(App\Controllers\Admin))
11 SYSTEMPATH\CodeIgniter.php(366): CodeIgniter\CodeIgniter->handleRequest(null, Object(Config\Cache), false)
12 FCPATH\index.php(67): CodeIgniter\CodeIgniter->run()
13 SYSTEMPATH\Commands\Server\rewrite.php(47): require_once('D:\\project\\kreasiai\\public\\index.php')
INFO - 2023-09-27 14:10:43 --> Session: Class initialized using 'CodeIgniter\Session\Handlers\FileHandler' driver.
CRITICAL - 2023-09-27 14:10:43 --> Call to undefined function form_open_multipart()
in APPPATH\Views\admin\v_perusahaan.php on line 11.
 1 SYSTEMPATH\View\View.php(224): include()
 2 SYSTEMPATH\View\View.php(227): CodeIgniter\View\View->CodeIgniter\View\{closure}()
 3 SYSTEMPATH\Common.php(1180): CodeIgniter\View\View->render('admin/v_perusahaan', [], true)
 4 APPPATH\Views\admin\v_templateAdmin.php(176): view('admin/v_perusahaan')
 5 SYSTEMPATH\View\View.php(224): include('D:\\project\\kreasiai\\app\\Views\\admin\\v_templateAdmin.php')
 6 SYSTEMPATH\View\View.php(227): CodeIgniter\View\View->CodeIgniter\View\{closure}()
 7 SYSTEMPATH\Common.php(1180): CodeIgniter\View\View->render('admin/v_templateAdmin', [], true)
 8 APPPATH\Controllers\Admin.php(241): view('admin/v_templateAdmin', [...])
 9 SYSTEMPATH\CodeIgniter.php(932): App\Controllers\Admin->Perusahaan()
10 SYSTEMPATH\CodeIgniter.php(497): CodeIgniter\CodeIgniter->runController(Object(App\Controllers\Admin))
11 SYSTEMPATH\CodeIgniter.php(366): CodeIgniter\CodeIgniter->handleRequest(null, Object(Config\Cache), false)
12 FCPATH\index.php(67): CodeIgniter\CodeIgniter->run()
13 SYSTEMPATH\Commands\Server\rewrite.php(47): require_once('D:\\project\\kreasiai\\public\\index.php')
INFO - 2023-09-27 14:11:09 --> Session: Class initialized using 'CodeIgniter\Session\Handlers\FileHandler' driver.
CRITICAL - 2023-09-27 14:11:09 --> Call to undefined function form_open_multipart()
in APPPATH\Views\admin\v_perusahaan.php on line 11.
 1 SYSTEMPATH\View\View.php(224): include()
 2 SYSTEMPATH\View\View.php(227): CodeIgniter\View\View->CodeIgniter\View\{closure}()
 3 SYSTEMPATH\Common.php(1180): CodeIgniter\View\View->render('admin/v_perusahaan', [], true)
 4 APPPATH\Views\admin\v_templateAdmin.php(176): view('admin/v_perusahaan')
 5 SYSTEMPATH\View\View.php(224): include('D:\\project\\kreasiai\\app\\Views\\admin\\v_templateAdmin.php')
 6 SYSTEMPATH\View\View.php(227): CodeIgniter\View\View->CodeIgniter\View\{closure}()
 7 SYSTEMPATH\Common.php(1180): CodeIgniter\View\View->render('admin/v_templateAdmin', [], true)
 8 APPPATH\Controllers\Admin.php(241): view('admin/v_templateAdmin', [...])
 9 SYSTEMPATH\CodeIgniter.php(932): App\Controllers\Admin->Perusahaan()
10 SYSTEMPATH\CodeIgniter.php(497): CodeIgniter\CodeIgniter->runController(Object(App\Controllers\Admin))
11 SYSTEMPATH\CodeIgniter.php(366): CodeIgniter\CodeIgniter->handleRequest(null, Object(Config\Cache), false)
12 FCPATH\index.php(67): CodeIgniter\CodeIgniter->run()
13 SYSTEMPATH\Commands\Server\rewrite.php(47): require_once('D:\\project\\kreasiai\\public\\index.php')
INFO - 2023-09-27 14:12:36 --> Session: Class initialized using 'CodeIgniter\Session\Handlers\FileHandler' driver.
CRITICAL - 2023-09-27 14:12:36 --> Call to undefined function form_open_multipart()
in APPPATH\Views\admin\v_perusahaan.php on line 11.
 1 SYSTEMPATH\View\View.php(224): include()
 2 SYSTEMPATH\View\View.php(227): CodeIgniter\View\View->CodeIgniter\View\{closure}()
 3 SYSTEMPATH\Common.php(1180): CodeIgniter\View\View->render('admin/v_perusahaan', [], true)
 4 APPPATH\Views\admin\v_templateAdmin.php(176): view('admin/v_perusahaan')
 5 SYSTEMPATH\View\View.php(224): include('D:\\project\\kreasiai\\app\\Views\\admin\\v_templateAdmin.php')
 6 SYSTEMPATH\View\View.php(227): CodeIgniter\View\View->CodeIgniter\View\{closure}()
 7 SYSTEMPATH\Common.php(1180): CodeIgniter\View\View->render('admin/v_templateAdmin', [], true)
 8 APPPATH\Controllers\Admin.php(241): view('admin/v_templateAdmin', [...])
 9 SYSTEMPATH\CodeIgniter.php(932): App\Controllers\Admin->Perusahaan()
10 SYSTEMPATH\CodeIgniter.php(497): CodeIgniter\CodeIgniter->runController(Object(App\Controllers\Admin))
11 SYSTEMPATH\CodeIgniter.php(366): CodeIgniter\CodeIgniter->handleRequest(null, Object(Config\Cache), false)
12 FCPATH\index.php(67): CodeIgniter\CodeIgniter->run()
13 SYSTEMPATH\Commands\Server\rewrite.php(47): require_once('D:\\project\\kreasiai\\public\\index.php')
INFO - 2023-09-27 14:13:26 --> Session: Class initialized using 'CodeIgniter\Session\Handlers\FileHandler' driver.
CRITICAL - 2023-09-27 14:13:26 --> Undefined variable $sekolah
in APPPATH\Views\admin\v_perusahaan.php on line 27.
 1 APPPATH\Views\admin\v_perusahaan.php(27): CodeIgniter\Debug\Exceptions->errorHandler(2, 'Undefined variable $sekolah', 'D:\\project\\kreasiai\\app\\Views\\admin\\v_perusahaan.php', 27)
 2 SYSTEMPATH\View\View.php(224): include('D:\\project\\kreasiai\\app\\Views\\admin\\v_perusahaan.php')
 3 SYSTEMPATH\View\View.php(227): CodeIgniter\View\View->CodeIgniter\View\{closure}()
 4 SYSTEMPATH\Common.php(1180): CodeIgniter\View\View->render('admin/v_perusahaan', [], true)
 5 APPPATH\Views\admin\v_templateAdmin.php(176): view('admin/v_perusahaan')
 6 SYSTEMPATH\View\View.php(224): include('D:\\project\\kreasiai\\app\\Views\\admin\\v_templateAdmin.php')
 7 SYSTEMPATH\View\View.php(227): CodeIgniter\View\View->CodeIgniter\View\{closure}()
 8 SYSTEMPATH\Common.php(1180): CodeIgniter\View\View->render('admin/v_templateAdmin', [], true)
 9 APPPATH\Controllers\Admin.php(241): view('admin/v_templateAdmin', [...])
10 SYSTEMPATH\CodeIgniter.php(932): App\Controllers\Admin->Perusahaan()
11 SYSTEMPATH\CodeIgniter.php(497): CodeIgniter\CodeIgniter->runController(Object(App\Controllers\Admin))
12 SYSTEMPATH\CodeIgniter.php(366): CodeIgniter\CodeIgniter->handleRequest(null, Object(Config\Cache), false)
13 FCPATH\index.php(67): CodeIgniter\CodeIgniter->run()
14 SYSTEMPATH\Commands\Server\rewrite.php(47): require_once('D:\\project\\kreasiai\\public\\index.php')
INFO - 2023-09-27 14:14:04 --> Session: Class initialized using 'CodeIgniter\Session\Handlers\FileHandler' driver.
CRITICAL - 2023-09-27 14:14:04 --> Undefined array key "visimisi_sekolah"
in APPPATH\Views\admin\v_perusahaan.php on line 33.
 1 APPPATH\Views\admin\v_perusahaan.php(33): CodeIgniter\Debug\Exceptions->errorHandler(2, 'Undefined array key "visimisi_sekolah"', 'D:\\project\\kreasiai\\app\\Views\\admin\\v_perusahaan.php', 33)
 2 SYSTEMPATH\View\View.php(224): include('D:\\project\\kreasiai\\app\\Views\\admin\\v_perusahaan.php')
 3 SYSTEMPATH\View\View.php(227): CodeIgniter\View\View->CodeIgniter\View\{closure}()
 4 SYSTEMPATH\Common.php(1180): CodeIgniter\View\View->render('admin/v_perusahaan', [], true)
 5 APPPATH\Views\admin\v_templateAdmin.php(176): view('admin/v_perusahaan')
 6 SYSTEMPATH\View\View.php(224): include('D:\\project\\kreasiai\\app\\Views\\admin\\v_templateAdmin.php')
 7 SYSTEMPATH\View\View.php(227): CodeIgniter\View\View->CodeIgniter\View\{closure}()
 8 SYSTEMPATH\Common.php(1180): CodeIgniter\View\View->render('admin/v_templateAdmin', [], true)
 9 APPPATH\Controllers\Admin.php(241): view('admin/v_templateAdmin', [...])
10 SYSTEMPATH\CodeIgniter.php(932): App\Controllers\Admin->Perusahaan()
11 SYSTEMPATH\CodeIgniter.php(497): CodeIgniter\CodeIgniter->runController(Object(App\Controllers\Admin))
12 SYSTEMPATH\CodeIgniter.php(366): CodeIgniter\CodeIgniter->handleRequest(null, Object(Config\Cache), false)
13 FCPATH\index.php(67): CodeIgniter\CodeIgniter->run()
14 SYSTEMPATH\Commands\Server\rewrite.php(47): require_once('D:\\project\\kreasiai\\public\\index.php')
INFO - 2023-09-27 14:14:31 --> Session: Class initialized using 'CodeIgniter\Session\Handlers\FileHandler' driver.
INFO - 2023-09-27 14:16:14 --> Session: Class initialized using 'CodeIgniter\Session\Handlers\FileHandler' driver.
INFO - 2023-09-27 14:16:35 --> Session: Class initialized using 'CodeIgniter\Session\Handlers\FileHandler' driver.
INFO - 2023-09-27 14:16:54 --> Session: Class initialized using 'CodeIgniter\Session\Handlers\FileHandler' driver.
INFO - 2023-09-27 14:19:32 --> Session: Class initialized using 'CodeIgniter\Session\Handlers\FileHandler' driver.
INFO - 2023-09-27 14:25:23 --> Session: Class initialized using 'CodeIgniter\Session\Handlers\FileHandler' driver.
INFO - 2023-09-27 14:27:54 --> Session: Class initialized using 'CodeIgniter\Session\Handlers\FileHandler' driver.
INFO - 2023-09-27 14:27:56 --> Session: Class initialized using 'CodeIgniter\Session\Handlers\FileHandler' driver.
INFO - 2023-09-27 14:29:13 --> Session: Class initialized using 'CodeIgniter\Session\Handlers\FileHandler' driver.
INFO - 2023-09-27 14:29:16 --> Session: Class initialized using 'CodeIgniter\Session\Handlers\FileHandler' driver.
INFO - 2023-09-27 14:29:25 --> Session: Class initialized using 'CodeIgniter\Session\Handlers\FileHandler' driver.
CRITICAL - 2023-09-27 14:29:25 --> Undefined property: App\Controllers\Admin::$ModelSekolah
in APPPATH\Controllers\Admin.php on line 316.
 1 APPPATH\Controllers\Admin.php(316): CodeIgniter\Debug\Exceptions->errorHandler(2, 'Undefined property: App\\Controllers\\Admin::$ModelSekolah', 'D:\\project\\kreasiai\\app\\Controllers\\Admin.php', 316)
 2 SYSTEMPATH\CodeIgniter.php(932): App\Controllers\Admin->UpdatePerusahaan()
 3 SYSTEMPATH\CodeIgniter.php(497): CodeIgniter\CodeIgniter->runController(Object(App\Controllers\Admin))
 4 SYSTEMPATH\CodeIgniter.php(366): CodeIgniter\CodeIgniter->handleRequest(null, Object(Config\Cache), false)
 5 FCPATH\index.php(67): CodeIgniter\CodeIgniter->run()
 6 SYSTEMPATH\Commands\Server\rewrite.php(47): require_once('D:\\project\\kreasiai\\public\\index.php')
INFO - 2023-09-27 14:29:56 --> Session: Class initialized using 'CodeIgniter\Session\Handlers\FileHandler' driver.
INFO - 2023-09-27 14:29:58 --> Session: Class initialized using 'CodeIgniter\Session\Handlers\FileHandler' driver.
INFO - 2023-09-27 14:30:05 --> Session: Class initialized using 'CodeIgniter\Session\Handlers\FileHandler' driver.
CRITICAL - 2023-09-27 14:30:05 --> Undefined array key "perusahaan_id"
in APPPATH\Models\ModelPerusahaan.php on line 18.
 1 APPPATH\Models\ModelPerusahaan.php(18): CodeIgniter\Debug\Exceptions->errorHandler(2, 'Undefined array key "perusahaan_id"', 'D:\\project\\kreasiai\\app\\Models\\ModelPerusahaan.php', 18)
 2 APPPATH\Controllers\Admin.php(316): App\Models\ModelPerusahaan->UpdateData([...])
 3 SYSTEMPATH\CodeIgniter.php(932): App\Controllers\Admin->UpdatePerusahaan()
 4 SYSTEMPATH\CodeIgniter.php(497): CodeIgniter\CodeIgniter->runController(Object(App\Controllers\Admin))
 5 SYSTEMPATH\CodeIgniter.php(366): CodeIgniter\CodeIgniter->handleRequest(null, Object(Config\Cache), false)
 6 FCPATH\index.php(67): CodeIgniter\CodeIgniter->run()
 7 SYSTEMPATH\Commands\Server\rewrite.php(47): require_once('D:\\project\\kreasiai\\public\\index.php')
INFO - 2023-09-27 14:31:09 --> Session: Class initialized using 'CodeIgniter\Session\Handlers\FileHandler' driver.
INFO - 2023-09-27 14:31:11 --> Session: Class initialized using 'CodeIgniter\Session\Handlers\FileHandler' driver.
INFO - 2023-09-27 14:31:20 --> Session: Class initialized using 'CodeIgniter\Session\Handlers\FileHandler' driver.
CRITICAL - 2023-09-27 14:31:20 --> Undefined array key "perusahaan_id"
in APPPATH\Models\ModelPerusahaan.php on line 18.
 1 APPPATH\Models\ModelPerusahaan.php(18): CodeIgniter\Debug\Exceptions->errorHandler(2, 'Undefined array key "perusahaan_id"', 'D:\\project\\kreasiai\\app\\Models\\ModelPerusahaan.php', 18)
 2 APPPATH\Controllers\Admin.php(316): App\Models\ModelPerusahaan->UpdateData([...])
 3 SYSTEMPATH\CodeIgniter.php(932): App\Controllers\Admin->UpdatePerusahaan()
 4 SYSTEMPATH\CodeIgniter.php(497): CodeIgniter\CodeIgniter->runController(Object(App\Controllers\Admin))
 5 SYSTEMPATH\CodeIgniter.php(366): CodeIgniter\CodeIgniter->handleRequest(null, Object(Config\Cache), false)
 6 FCPATH\index.php(67): CodeIgniter\CodeIgniter->run()
 7 SYSTEMPATH\Commands\Server\rewrite.php(47): require_once('D:\\project\\kreasiai\\public\\index.php')
INFO - 2023-09-27 14:32:54 --> Session: Class initialized using 'CodeIgniter\Session\Handlers\FileHandler' driver.
INFO - 2023-09-27 14:32:56 --> Session: Class initialized using 'CodeIgniter\Session\Handlers\FileHandler' driver.
INFO - 2023-09-27 14:33:03 --> Session: Class initialized using 'CodeIgniter\Session\Handlers\FileHandler' driver.
INFO - 2023-09-27 14:33:03 --> Session: Class initialized using 'CodeIgniter\Session\Handlers\FileHandler' driver.
INFO - 2023-09-27 14:36:32 --> Session: Class initialized using 'CodeIgniter\Session\Handlers\FileHandler' driver.
INFO - 2023-09-27 14:36:39 --> Session: Class initialized using 'CodeIgniter\Session\Handlers\FileHandler' driver.
INFO - 2023-09-27 14:36:39 --> Session: Class initialized using 'CodeIgniter\Session\Handlers\FileHandler' driver.
INFO - 2023-09-27 14:37:02 --> Session: Class initialized using 'CodeIgniter\Session\Handlers\FileHandler' driver.
INFO - 2023-09-27 14:37:02 --> Session: Class initialized using 'CodeIgniter\Session\Handlers\FileHandler' driver.
INFO - 2023-09-27 14:38:16 --> Session: Class initialized using 'CodeIgniter\Session\Handlers\FileHandler' driver.
INFO - 2023-09-27 14:38:16 --> Session: Class initialized using 'CodeIgniter\Session\Handlers\FileHandler' driver.
INFO - 2023-09-27 14:38:19 --> Session: Class initialized using 'CodeIgniter\Session\Handlers\FileHandler' driver.
INFO - 2023-09-27 14:38:30 --> Session: Class initialized using 'CodeIgniter\Session\Handlers\FileHandler' driver.
