CRITICAL - 2023-07-08 07:22:27 --> Invalid file: "v_templateAdmin.php"
in SYSTEMPATH\Exceptions\FrameworkException.php on line 33.
 1 SYSTEMPATH\View\View.php(212): CodeIgniter\Exceptions\FrameworkException::forInvalidFile('v_templateAdmin.php')
 2 SYSTEMPATH\Common.php(1180): CodeIgniter\View\View->render('v_templateAdmin', [], true)
 3 APPPATH\Controllers\Admin.php(16): view('v_templateAdmin', [...])
 4 SYSTEMPATH\CodeIgniter.php(932): App\Controllers\Admin->index()
 5 SYSTEMPATH\CodeIgniter.php(497): CodeIgniter\CodeIgniter->runController(Object(App\Controllers\Admin))
 6 SYSTEMPATH\CodeIgniter.php(366): CodeIgniter\CodeIgniter->handleRequest(null, Object(Config\Cache), false)
 7 FCPATH\index.php(67): CodeIgniter\CodeIgniter->run()
 8 SYSTEMPATH\Commands\Server\rewrite.php(47): require_once('C:\\xampp\\htdocs\\kreasiAi\\public\\index.php')
CRITICAL - 2023-07-08 07:22:56 --> Invalid file: "v_admin.php"
in SYSTEMPATH\Exceptions\FrameworkException.php on line 33.
 1 SYSTEMPATH\View\View.php(212): CodeIgniter\Exceptions\FrameworkException::forInvalidFile('v_admin.php')
 2 SYSTEMPATH\Common.php(1180): CodeIgniter\View\View->render('v_admin', [], true)
 3 APPPATH\Views\admin\v_templateAdmin.php(385): view('v_admin')
 4 SYSTEMPATH\View\View.php(224): include('C:\\xampp\\htdocs\\kreasiAi\\app\\Views\\admin\\v_templateAdmin.php')
 5 SYSTEMPATH\View\View.php(227): CodeIgniter\View\View->CodeIgniter\View\{closure}()
 6 SYSTEMPATH\Common.php(1180): CodeIgniter\View\View->render('admin/v_templateAdmin', [], true)
 7 APPPATH\Controllers\Admin.php(16): view('admin/v_templateAdmin', [...])
 8 SYSTEMPATH\CodeIgniter.php(932): App\Controllers\Admin->index()
 9 SYSTEMPATH\CodeIgniter.php(497): CodeIgniter\CodeIgniter->runController(Object(App\Controllers\Admin))
10 SYSTEMPATH\CodeIgniter.php(366): CodeIgniter\CodeIgniter->handleRequest(null, Object(Config\Cache), false)
11 FCPATH\index.php(67): CodeIgniter\CodeIgniter->run()
12 SYSTEMPATH\Commands\Server\rewrite.php(47): require_once('C:\\xampp\\htdocs\\kreasiAi\\public\\index.php')
CRITICAL - 2023-07-08 07:23:27 --> Invalid file: "v_admin.php"
in SYSTEMPATH\Exceptions\FrameworkException.php on line 33.
 1 SYSTEMPATH\View\View.php(212): CodeIgniter\Exceptions\FrameworkException::forInvalidFile('v_admin.php')
 2 SYSTEMPATH\Common.php(1180): CodeIgniter\View\View->render('v_admin', [], true)
 3 APPPATH\Views\admin\v_templateAdmin.php(385): view('v_admin')
 4 SYSTEMPATH\View\View.php(224): include('C:\\xampp\\htdocs\\kreasiAi\\app\\Views\\admin\\v_templateAdmin.php')
 5 SYSTEMPATH\View\View.php(227): CodeIgniter\View\View->CodeIgniter\View\{closure}()
 6 SYSTEMPATH\Common.php(1180): CodeIgniter\View\View->render('admin/v_templateAdmin', [], true)
 7 APPPATH\Controllers\Admin.php(16): view('admin/v_templateAdmin', [...])
 8 SYSTEMPATH\CodeIgniter.php(932): App\Controllers\Admin->index()
 9 SYSTEMPATH\CodeIgniter.php(497): CodeIgniter\CodeIgniter->runController(Object(App\Controllers\Admin))
10 SYSTEMPATH\CodeIgniter.php(366): CodeIgniter\CodeIgniter->handleRequest(null, Object(Config\Cache), false)
11 FCPATH\index.php(67): CodeIgniter\CodeIgniter->run()
12 SYSTEMPATH\Commands\Server\rewrite.php(47): require_once('C:\\xampp\\htdocs\\kreasiAi\\public\\index.php')
CRITICAL - 2023-07-08 07:24:16 --> Invalid file: "v_admin.php"
in SYSTEMPATH\Exceptions\FrameworkException.php on line 33.
 1 SYSTEMPATH\View\View.php(212): CodeIgniter\Exceptions\FrameworkException::forInvalidFile('v_admin.php')
 2 SYSTEMPATH\Common.php(1180): CodeIgniter\View\View->render('v_admin', [], true)
 3 APPPATH\Views\admin\v_templateAdmin.php(385): view('v_admin')
 4 SYSTEMPATH\View\View.php(224): include('C:\\xampp\\htdocs\\kreasiAi\\app\\Views\\admin\\v_templateAdmin.php')
 5 SYSTEMPATH\View\View.php(227): CodeIgniter\View\View->CodeIgniter\View\{closure}()
 6 SYSTEMPATH\Common.php(1180): CodeIgniter\View\View->render('admin/v_templateAdmin', [], true)
 7 APPPATH\Controllers\Admin.php(16): view('admin/v_templateAdmin', [...])
 8 SYSTEMPATH\CodeIgniter.php(932): App\Controllers\Admin->index()
 9 SYSTEMPATH\CodeIgniter.php(497): CodeIgniter\CodeIgniter->runController(Object(App\Controllers\Admin))
10 SYSTEMPATH\CodeIgniter.php(366): CodeIgniter\CodeIgniter->handleRequest(null, Object(Config\Cache), false)
11 FCPATH\index.php(67): CodeIgniter\CodeIgniter->run()
12 SYSTEMPATH\Commands\Server\rewrite.php(47): require_once('C:\\xampp\\htdocs\\kreasiAi\\public\\index.php')
